<?xml version="1.0" encoding="UTF-8"?>
<!-- Generated by org.testng.reporters.JUnitXMLReporter -->
<testsuite ignored="0" hostname="DESKTOP-PH7A22V" failures="3" tests="3" name="firefoxTest(failed)(failed)" time="49.836" errors="0" timestamp="2022-04-13T17:02:07 IST">
  <testcase classname="com.testclass.saucedemo.TS_ordercompletepage_confirmation" name="ordercomplete_scenario" time="2.338">
    <failure type="org.openqa.selenium.interactions.MoveTargetOutOfBoundsException" message="(1141, 756) is out of bounds of viewport width (1283) and height (689)
Build info: version: &amp;apos;4.1.2&amp;apos;, revision: &amp;apos;9a5a329c5a&amp;apos;
System info: host: &amp;apos;DESKTOP-PH7A22V&amp;apos;, ip: &amp;apos;192.168.43.21&amp;apos;, os.name: &amp;apos;Windows 10&amp;apos;, os.arch: &amp;apos;amd64&amp;apos;, os.version: &amp;apos;10.0&amp;apos;, java.version: &amp;apos;17.0.1&amp;apos;
Driver info: org.openqa.selenium.firefox.FirefoxDriver
Command: [7844988c-65cd-40df-aae3-ef99ba4e9cdd, actions {actions=[org.openqa.selenium.interactions.Sequence@255714f6]}]
Capabilities {acceptInsecureCerts: true, browserName: firefox, browserVersion: 100.0, javascriptEnabled: true, moz:accessibilityChecks: false, moz:buildID: 20220410195727, moz:debuggerAddress: localhost:63702, moz:geckodriverVersion: 0.30.0, moz:headless: false, moz:processID: 10376, moz:profile: C:\Users\Kevin\AppData\Loca..., moz:shutdownTimeout: 60000, moz:useNonSpecCompliantPointerOrigin: false, moz:webdriverClick: true, pageLoadStrategy: normal, platform: WINDOWS, platformName: WINDOWS, platformVersion: 10.0, proxy: Proxy(), se:cdp: ws://localhost:63702/devtoo..., se:cdpVersion: 85.0, setWindowRect: true, strictFileInteractability: false, timeouts: {implicit: 0, pageLoad: 300000, script: 30000}, unhandledPromptBehavior: dismiss and notify}
Session ID: 7844988c-65cd-40df-aae3-ef99ba4e9cdd">
      <![CDATA[org.openqa.selenium.interactions.MoveTargetOutOfBoundsException: (1141, 756) is out of bounds of viewport width (1283) and height (689)
Build info: version: '4.1.2', revision: '9a5a329c5a'
System info: host: 'DESKTOP-PH7A22V', ip: '192.168.43.21', os.name: 'Windows 10', os.arch: 'amd64', os.version: '10.0', java.version: '17.0.1'
Driver info: org.openqa.selenium.firefox.FirefoxDriver
Command: [7844988c-65cd-40df-aae3-ef99ba4e9cdd, actions {actions=[org.openqa.selenium.interactions.Sequence@255714f6]}]
Capabilities {acceptInsecureCerts: true, browserName: firefox, browserVersion: 100.0, javascriptEnabled: true, moz:accessibilityChecks: false, moz:buildID: 20220410195727, moz:debuggerAddress: localhost:63702, moz:geckodriverVersion: 0.30.0, moz:headless: false, moz:processID: 10376, moz:profile: C:\Users\Kevin\AppData\Loca..., moz:shutdownTimeout: 60000, moz:useNonSpecCompliantPointerOrigin: false, moz:webdriverClick: true, pageLoadStrategy: normal, platform: WINDOWS, platformName: WINDOWS, platformVersion: 10.0, proxy: Proxy(), se:cdp: ws://localhost:63702/devtoo..., se:cdpVersion: 85.0, setWindowRect: true, strictFileInteractability: false, timeouts: {implicit: 0, pageLoad: 300000, script: 30000}, unhandledPromptBehavior: dismiss and notify}
Session ID: 7844988c-65cd-40df-aae3-ef99ba4e9cdd
at org.openqa.selenium.remote.codec.w3c.W3CHttpResponseCodec.createException(W3CHttpResponseCodec.java:200)
at org.openqa.selenium.remote.codec.w3c.W3CHttpResponseCodec.decode(W3CHttpResponseCodec.java:133)
at org.openqa.selenium.remote.codec.w3c.W3CHttpResponseCodec.decode(W3CHttpResponseCodec.java:53)
at org.openqa.selenium.remote.HttpCommandExecutor.execute(HttpCommandExecutor.java:184)
at org.openqa.selenium.remote.service.DriverCommandExecutor.invokeExecute(DriverCommandExecutor.java:167)
at org.openqa.selenium.remote.service.DriverCommandExecutor.execute(DriverCommandExecutor.java:142)
at org.openqa.selenium.remote.RemoteWebDriver.execute(RemoteWebDriver.java:558)
at org.openqa.selenium.remote.RemoteWebDriver.perform(RemoteWebDriver.java:626)
at org.openqa.selenium.interactions.Actions$BuiltAction.perform(Actions.java:656)
at org.openqa.selenium.interactions.Actions.perform(Actions.java:612)
at com.pomclass.saucedemo.Overviewpage.finish(Overviewpage.java:33)
at com.testclass.saucedemo.TS_ordercompletepage_confirmation.ordercomplete_scenario(TS_ordercompletepage_confirmation.java:60)
at java.base/java.util.concurrent.ThreadPoolExecutor.runWorker(ThreadPoolExecutor.java:1136)
at java.base/java.util.concurrent.ThreadPoolExecutor$Worker.run(ThreadPoolExecutor.java:635)
at java.base/java.lang.Thread.run(Thread.java:833)
... Removed 17 stack frames]]>
    </failure>
  </testcase> <!-- ordercomplete_scenario -->
  <testcase classname="com.testclass.saucedemo.TS_order_complete_back_function" name="ordercomplete_backbutton" time="2.115">
    <failure type="org.openqa.selenium.interactions.MoveTargetOutOfBoundsException" message="(1141, 756) is out of bounds of viewport width (1283) and height (689)
Build info: version: &amp;apos;4.1.2&amp;apos;, revision: &amp;apos;9a5a329c5a&amp;apos;
System info: host: &amp;apos;DESKTOP-PH7A22V&amp;apos;, ip: &amp;apos;192.168.43.21&amp;apos;, os.name: &amp;apos;Windows 10&amp;apos;, os.arch: &amp;apos;amd64&amp;apos;, os.version: &amp;apos;10.0&amp;apos;, java.version: &amp;apos;17.0.1&amp;apos;
Driver info: org.openqa.selenium.firefox.FirefoxDriver
Command: [332b6b94-30cb-4f2e-8093-11138e21dd83, actions {actions=[org.openqa.selenium.interactions.Sequence@27e3cb54]}]
Capabilities {acceptInsecureCerts: true, browserName: firefox, browserVersion: 100.0, javascriptEnabled: true, moz:accessibilityChecks: false, moz:buildID: 20220410195727, moz:debuggerAddress: localhost:50713, moz:geckodriverVersion: 0.30.0, moz:headless: false, moz:processID: 18524, moz:profile: C:\Users\Kevin\AppData\Loca..., moz:shutdownTimeout: 60000, moz:useNonSpecCompliantPointerOrigin: false, moz:webdriverClick: true, pageLoadStrategy: normal, platform: WINDOWS, platformName: WINDOWS, platformVersion: 10.0, proxy: Proxy(), se:cdp: ws://localhost:50713/devtoo..., se:cdpVersion: 85.0, setWindowRect: true, strictFileInteractability: false, timeouts: {implicit: 0, pageLoad: 300000, script: 30000}, unhandledPromptBehavior: dismiss and notify}
Session ID: 332b6b94-30cb-4f2e-8093-11138e21dd83">
      <![CDATA[org.openqa.selenium.interactions.MoveTargetOutOfBoundsException: (1141, 756) is out of bounds of viewport width (1283) and height (689)
Build info: version: '4.1.2', revision: '9a5a329c5a'
System info: host: 'DESKTOP-PH7A22V', ip: '192.168.43.21', os.name: 'Windows 10', os.arch: 'amd64', os.version: '10.0', java.version: '17.0.1'
Driver info: org.openqa.selenium.firefox.FirefoxDriver
Command: [332b6b94-30cb-4f2e-8093-11138e21dd83, actions {actions=[org.openqa.selenium.interactions.Sequence@27e3cb54]}]
Capabilities {acceptInsecureCerts: true, browserName: firefox, browserVersion: 100.0, javascriptEnabled: true, moz:accessibilityChecks: false, moz:buildID: 20220410195727, moz:debuggerAddress: localhost:50713, moz:geckodriverVersion: 0.30.0, moz:headless: false, moz:processID: 18524, moz:profile: C:\Users\Kevin\AppData\Loca..., moz:shutdownTimeout: 60000, moz:useNonSpecCompliantPointerOrigin: false, moz:webdriverClick: true, pageLoadStrategy: normal, platform: WINDOWS, platformName: WINDOWS, platformVersion: 10.0, proxy: Proxy(), se:cdp: ws://localhost:50713/devtoo..., se:cdpVersion: 85.0, setWindowRect: true, strictFileInteractability: false, timeouts: {implicit: 0, pageLoad: 300000, script: 30000}, unhandledPromptBehavior: dismiss and notify}
Session ID: 332b6b94-30cb-4f2e-8093-11138e21dd83
at org.openqa.selenium.remote.codec.w3c.W3CHttpResponseCodec.createException(W3CHttpResponseCodec.java:200)
at org.openqa.selenium.remote.codec.w3c.W3CHttpResponseCodec.decode(W3CHttpResponseCodec.java:133)
at org.openqa.selenium.remote.codec.w3c.W3CHttpResponseCodec.decode(W3CHttpResponseCodec.java:53)
at org.openqa.selenium.remote.HttpCommandExecutor.execute(HttpCommandExecutor.java:184)
at org.openqa.selenium.remote.service.DriverCommandExecutor.invokeExecute(DriverCommandExecutor.java:167)
at org.openqa.selenium.remote.service.DriverCommandExecutor.execute(DriverCommandExecutor.java:142)
at org.openqa.selenium.remote.RemoteWebDriver.execute(RemoteWebDriver.java:558)
at org.openqa.selenium.remote.RemoteWebDriver.perform(RemoteWebDriver.java:626)
at org.openqa.selenium.interactions.Actions$BuiltAction.perform(Actions.java:656)
at org.openqa.selenium.interactions.Actions.perform(Actions.java:612)
at com.pomclass.saucedemo.Overviewpage.finish(Overviewpage.java:33)
at com.testclass.saucedemo.TS_order_complete_back_function.ordercomplete_backbutton(TS_order_complete_back_function.java:60)
at java.base/java.util.concurrent.ThreadPoolExecutor.runWorker(ThreadPoolExecutor.java:1136)
at java.base/java.util.concurrent.ThreadPoolExecutor$Worker.run(ThreadPoolExecutor.java:635)
at java.base/java.lang.Thread.run(Thread.java:833)
... Removed 17 stack frames]]>
    </failure>
  </testcase> <!-- ordercomplete_backbutton -->
  <testcase classname="com.testclass.saucedemo.TS_Overview_finish_function" name="finish_scenario" time="3.373">
    <failure type="org.openqa.selenium.interactions.MoveTargetOutOfBoundsException" message="(1141, 756) is out of bounds of viewport width (1283) and height (689)
Build info: version: &amp;apos;4.1.2&amp;apos;, revision: &amp;apos;9a5a329c5a&amp;apos;
System info: host: &amp;apos;DESKTOP-PH7A22V&amp;apos;, ip: &amp;apos;192.168.43.21&amp;apos;, os.name: &amp;apos;Windows 10&amp;apos;, os.arch: &amp;apos;amd64&amp;apos;, os.version: &amp;apos;10.0&amp;apos;, java.version: &amp;apos;17.0.1&amp;apos;
Driver info: org.openqa.selenium.firefox.FirefoxDriver
Command: [7f5d6a1b-bce5-4273-81f9-a32d3c2c2908, actions {actions=[org.openqa.selenium.interactions.Sequence@25a5b993]}]
Capabilities {acceptInsecureCerts: true, browserName: firefox, browserVersion: 100.0, javascriptEnabled: true, moz:accessibilityChecks: false, moz:buildID: 20220410195727, moz:debuggerAddress: localhost:55448, moz:geckodriverVersion: 0.30.0, moz:headless: false, moz:processID: 11520, moz:profile: C:\Users\Kevin\AppData\Loca..., moz:shutdownTimeout: 60000, moz:useNonSpecCompliantPointerOrigin: false, moz:webdriverClick: true, pageLoadStrategy: normal, platform: WINDOWS, platformName: WINDOWS, platformVersion: 10.0, proxy: Proxy(), se:cdp: ws://localhost:55448/devtoo..., se:cdpVersion: 85.0, setWindowRect: true, strictFileInteractability: false, timeouts: {implicit: 0, pageLoad: 300000, script: 30000}, unhandledPromptBehavior: dismiss and notify}
Session ID: 7f5d6a1b-bce5-4273-81f9-a32d3c2c2908">
      <![CDATA[org.openqa.selenium.interactions.MoveTargetOutOfBoundsException: (1141, 756) is out of bounds of viewport width (1283) and height (689)
Build info: version: '4.1.2', revision: '9a5a329c5a'
System info: host: 'DESKTOP-PH7A22V', ip: '192.168.43.21', os.name: 'Windows 10', os.arch: 'amd64', os.version: '10.0', java.version: '17.0.1'
Driver info: org.openqa.selenium.firefox.FirefoxDriver
Command: [7f5d6a1b-bce5-4273-81f9-a32d3c2c2908, actions {actions=[org.openqa.selenium.interactions.Sequence@25a5b993]}]
Capabilities {acceptInsecureCerts: true, browserName: firefox, browserVersion: 100.0, javascriptEnabled: true, moz:accessibilityChecks: false, moz:buildID: 20220410195727, moz:debuggerAddress: localhost:55448, moz:geckodriverVersion: 0.30.0, moz:headless: false, moz:processID: 11520, moz:profile: C:\Users\Kevin\AppData\Loca..., moz:shutdownTimeout: 60000, moz:useNonSpecCompliantPointerOrigin: false, moz:webdriverClick: true, pageLoadStrategy: normal, platform: WINDOWS, platformName: WINDOWS, platformVersion: 10.0, proxy: Proxy(), se:cdp: ws://localhost:55448/devtoo..., se:cdpVersion: 85.0, setWindowRect: true, strictFileInteractability: false, timeouts: {implicit: 0, pageLoad: 300000, script: 30000}, unhandledPromptBehavior: dismiss and notify}
Session ID: 7f5d6a1b-bce5-4273-81f9-a32d3c2c2908
at org.openqa.selenium.remote.codec.w3c.W3CHttpResponseCodec.createException(W3CHttpResponseCodec.java:200)
at org.openqa.selenium.remote.codec.w3c.W3CHttpResponseCodec.decode(W3CHttpResponseCodec.java:133)
at org.openqa.selenium.remote.codec.w3c.W3CHttpResponseCodec.decode(W3CHttpResponseCodec.java:53)
at org.openqa.selenium.remote.HttpCommandExecutor.execute(HttpCommandExecutor.java:184)
at org.openqa.selenium.remote.service.DriverCommandExecutor.invokeExecute(DriverCommandExecutor.java:167)
at org.openqa.selenium.remote.service.DriverCommandExecutor.execute(DriverCommandExecutor.java:142)
at org.openqa.selenium.remote.RemoteWebDriver.execute(RemoteWebDriver.java:558)
at org.openqa.selenium.remote.RemoteWebDriver.perform(RemoteWebDriver.java:626)
at org.openqa.selenium.interactions.Actions$BuiltAction.perform(Actions.java:656)
at org.openqa.selenium.interactions.Actions.perform(Actions.java:612)
at com.pomclass.saucedemo.Overviewpage.finish(Overviewpage.java:33)
at com.testclass.saucedemo.TS_Overview_finish_function.finish_scenario(TS_Overview_finish_function.java:59)
at java.base/java.util.concurrent.ThreadPoolExecutor.runWorker(ThreadPoolExecutor.java:1136)
at java.base/java.util.concurrent.ThreadPoolExecutor$Worker.run(ThreadPoolExecutor.java:635)
at java.base/java.lang.Thread.run(Thread.java:833)
... Removed 17 stack frames]]>
    </failure>
  </testcase> <!-- finish_scenario -->
</testsuite> <!-- firefoxTest(failed)(failed) -->
