<?xml version="1.0" encoding="UTF-8"?>
<!-- Generated by org.testng.reporters.JUnitXMLReporter -->
<testsuite ignored="0" hostname="DESKTOP-PH7A22V" failures="0" tests="9" name="chromeTest" time="55.807" errors="0" timestamp="2022-04-13T17:24:13 IST">
  <testcase classname="com.testclass.saucedemo.TS_Login_function" name="loginfunction" time="0.357"/>
  <testcase classname="com.testclass.saucedemo.TS_checkout_functionality" name="checkoutfunction" time="2.831"/>
  <testcase classname="com.testclass.saucedemo.TS_yourinfo_continue_function" name="continuefunctionality" time="3.857"/>
  <testcase classname="com.testclass.saucedemo.TS_Overview_finish_function" name="finish_scenario" time="4.22"/>
  <testcase classname="com.testclass.saucedemo.TS_order_complete_back_function" name="ordercomplete_backbutton" time="2.115"/>
  <testcase classname="com.testclass.saucedemo.TS_ordercompletepage_confirmation" name="ordercomplete_scenario" time="2.802"/>
  <testcase classname="com.testclass.saucedemo.TS_addcart_function" name="addcartfunctionality" time="5.529"/>
  <testcase classname="com.testclass.saucedemo.TS_Allproductclass" name="allproductfunction" time="13.231"/>
  <testcase classname="com.testclass.saucedemo.TS_addcart_function" name="clickiconfunction" time="4.15"/>
</testsuite> <!-- chromeTest -->
