<?xml version="1.0" encoding="UTF-8"?>
<!-- Generated by org.testng.reporters.JUnitXMLReporter -->
<testsuite ignored="0" hostname="DESKTOP-PH7A22V" failures="0" tests="9" name="ParallelTest" time="73.854" errors="0" timestamp="2022-04-14T08:55:42 IST">
  <testcase classname="com.testclass.saucedemo.BasetestClass" name="@AfterClass closebrowser" time="5.718">
    <failure type="org.testng.internal.thread.ThreadTimeoutException" message="Method com.testclass.saucedemo.BasetestClass.closebrowser() didn&amp;apos;t finish within the time-out 5000">
      <![CDATA[org.testng.internal.thread.ThreadTimeoutException: Method com.testclass.saucedemo.BasetestClass.closebrowser() didn't finish within the time-out 5000
at java.base/java.util.concurrent.ThreadPoolExecutor.runWorker(ThreadPoolExecutor.java:1136)
at java.base/java.util.concurrent.ThreadPoolExecutor$Worker.run(ThreadPoolExecutor.java:635)
at java.base/java.lang.Thread.run(Thread.java:833)
... Removed 8 stack frames]]>
    </failure>
  </testcase> <!-- @AfterClass closebrowser -->
  <testcase classname="com.testclass.saucedemo.BasetestClass" name="@AfterClass closebrowser" time="5.037">
    <failure type="org.testng.internal.thread.ThreadTimeoutException" message="Method com.testclass.saucedemo.BasetestClass.closebrowser() didn&amp;apos;t finish within the time-out 5000">
      <![CDATA[org.testng.internal.thread.ThreadTimeoutException: Method com.testclass.saucedemo.BasetestClass.closebrowser() didn't finish within the time-out 5000
at java.base/java.util.concurrent.ThreadPoolExecutor.runWorker(ThreadPoolExecutor.java:1136)
at java.base/java.util.concurrent.ThreadPoolExecutor$Worker.run(ThreadPoolExecutor.java:635)
at java.base/java.lang.Thread.run(Thread.java:833)
... Removed 8 stack frames]]>
    </failure>
  </testcase> <!-- @AfterClass closebrowser -->
  <testcase classname="com.testclass.saucedemo.BasetestClass" name="@AfterClass closebrowser" time="5.059">
    <failure type="org.testng.internal.thread.ThreadTimeoutException" message="Method com.testclass.saucedemo.BasetestClass.closebrowser() didn&amp;apos;t finish within the time-out 5000">
      <![CDATA[org.testng.internal.thread.ThreadTimeoutException: Method com.testclass.saucedemo.BasetestClass.closebrowser() didn't finish within the time-out 5000
at java.base/java.util.concurrent.ThreadPoolExecutor.runWorker(ThreadPoolExecutor.java:1136)
at java.base/java.util.concurrent.ThreadPoolExecutor$Worker.run(ThreadPoolExecutor.java:635)
at java.base/java.lang.Thread.run(Thread.java:833)
... Removed 8 stack frames]]>
    </failure>
  </testcase> <!-- @AfterClass closebrowser -->
  <testcase classname="com.testclass.saucedemo.BasetestClass" name="@AfterClass closebrowser" time="5.02">
    <failure type="org.testng.internal.thread.ThreadTimeoutException" message="Method com.testclass.saucedemo.BasetestClass.closebrowser() didn&amp;apos;t finish within the time-out 5000">
      <![CDATA[org.testng.internal.thread.ThreadTimeoutException: Method com.testclass.saucedemo.BasetestClass.closebrowser() didn't finish within the time-out 5000
at java.base/java.util.concurrent.ThreadPoolExecutor.runWorker(ThreadPoolExecutor.java:1136)
at java.base/java.util.concurrent.ThreadPoolExecutor$Worker.run(ThreadPoolExecutor.java:635)
at java.base/java.lang.Thread.run(Thread.java:833)
... Removed 8 stack frames]]>
    </failure>
  </testcase> <!-- @AfterClass closebrowser -->
  <testcase classname="com.testclass.saucedemo.BasetestClass" name="@AfterClass closebrowser" time="5.014">
    <failure type="org.testng.internal.thread.ThreadTimeoutException" message="Method com.testclass.saucedemo.BasetestClass.closebrowser() didn&amp;apos;t finish within the time-out 5000">
      <![CDATA[org.testng.internal.thread.ThreadTimeoutException: Method com.testclass.saucedemo.BasetestClass.closebrowser() didn't finish within the time-out 5000
at java.base/java.util.concurrent.ThreadPoolExecutor.runWorker(ThreadPoolExecutor.java:1136)
at java.base/java.util.concurrent.ThreadPoolExecutor$Worker.run(ThreadPoolExecutor.java:635)
at java.base/java.lang.Thread.run(Thread.java:833)
... Removed 8 stack frames]]>
    </failure>
  </testcase> <!-- @AfterClass closebrowser -->
  <testcase classname="com.testclass.saucedemo.BasetestClass" name="@AfterClass closebrowser" time="7.008">
    <failure type="org.testng.internal.thread.ThreadTimeoutException" message="Method com.testclass.saucedemo.BasetestClass.closebrowser() didn&amp;apos;t finish within the time-out 5000">
      <![CDATA[org.testng.internal.thread.ThreadTimeoutException: Method com.testclass.saucedemo.BasetestClass.closebrowser() didn't finish within the time-out 5000
at java.base/java.util.concurrent.ThreadPoolExecutor.runWorker(ThreadPoolExecutor.java:1136)
at java.base/java.util.concurrent.ThreadPoolExecutor$Worker.run(ThreadPoolExecutor.java:635)
at java.base/java.lang.Thread.run(Thread.java:833)
... Removed 8 stack frames]]>
    </failure>
  </testcase> <!-- @AfterClass closebrowser -->
  <testcase classname="com.testclass.saucedemo.TS_Login_function" name="loginfunction" time="0.498"/>
  <testcase classname="com.testclass.saucedemo.TS_checkout_functionality" name="checkoutfunction" time="1.626"/>
  <testcase classname="com.testclass.saucedemo.TS_yourinfo_continue_function" name="continuefunctionality" time="3.768"/>
  <testcase classname="com.testclass.saucedemo.TS_Overview_finish_function" name="finish_scenario" time="4.151"/>
  <testcase classname="com.testclass.saucedemo.TS_order_complete_back_function" name="ordercomplete_backbutton" time="2.226"/>
  <testcase classname="com.testclass.saucedemo.TS_ordercompletepage_confirmation" name="ordercomplete_scenario" time="1.878"/>
  <testcase classname="com.testclass.saucedemo.TS_addcart_function" name="addcartfunctionality" time="4.854"/>
  <testcase classname="com.testclass.saucedemo.TS_addcart_function" name="clickiconfunction" time="4.156"/>
  <testcase classname="com.testclass.saucedemo.TS_Allproductclass" name="allproductfunction" time="13.417"/>
</testsuite> <!-- ParallelTest -->
